{
  "stats": {
    "suites": 2,
    "tests": 11,
    "passes": 4,
    "pending": 0,
    "failures": 7,
    "start": "2023-09-11T04:23:33.607Z",
    "end": "2023-09-11T04:23:43.001Z",
    "duration": 9394,
    "testsRegistered": 11,
    "passPercent": 36.36363636363637,
    "pendingPercent": 0,
    "other": 0,
    "hasOther": false,
    "skipped": 0,
    "hasSkipped": false
  },
  "results": [
    {
      "uuid": "b873a4d1-6cfd-4e56-b7fc-9d0f262e32d1",
      "title": "",
      "fullFile": "",
      "file": "",
      "beforeHooks": [],
      "afterHooks": [],
      "tests": [],
      "suites": [
        {
          "uuid": "f2010b6a-9fce-44a8-b559-c46dfd7949e5",
          "title": "Scenario Login Feature",
          "fullFile": "C:\\Users\\fadli\\Documents\\JagoQA\\JagoQA\\Login\\login.js",
          "file": "\\JagoQA\\Login\\login.js",
          "beforeHooks": [],
          "afterHooks": [],
          "tests": [
            {
              "title": "1.Verify Success Login with valid email and password",
              "fullTitle": "Scenario Login Feature 1.Verify Success Login with valid email and password",
              "timedOut": false,
              "duration": 1306,
              "state": "passed",
              "speed": "slow",
              "pass": true,
              "fail": false,
              "pending": false,
              "context": null,
              "code": "const response = await domain\n  .post(\"/login\")\n  .send({ email: \"jokotampan900@gmail.com\", password: \"jokotampan900\" });\nexpect(response.body.status).to.eql('SUCCESS_LOGIN');\nexpect(response.body.message).to.eql('Anda Berhasil Login');\nexpect(response.body).to.include.keys(\"data\", \"message\", \"status\", \"credentials\");",
              "err": {},
              "uuid": "6791d267-66c5-47cc-acad-ddc2d25eda5a",
              "parentUUID": "f2010b6a-9fce-44a8-b559-c46dfd7949e5",
              "isHook": false,
              "skipped": false
            },
            {
              "title": "2.Verify Failed Login with empty email & password",
              "fullTitle": "Scenario Login Feature 2.Verify Failed Login with empty email & password",
              "timedOut": false,
              "duration": 600,
              "state": "failed",
              "speed": null,
              "pass": false,
              "fail": true,
              "pending": false,
              "context": null,
              "code": "const response = await domain\n  .post(\"/login\")\n  .send({ email: \"\", password: \"\" })\nexpect(response.body.status).to.equal('FAILED_LOGIN');\nexpect(response.body.message).to.equal('Cek kembali email anda'); cls\nexpect(response.body).to.include.keys(\"data\", \"message\", \"status\");",
              "err": {
                "message": "AssertionError: expected 'Email & Password tidak boleh kosong' to equal 'Cek kembali email anda'",
                "estack": "AssertionError: expected 'Email & Password tidak boleh kosong' to equal 'Cek kembali email anda'\n    at Context.<anonymous> (JagoQA\\Login\\login.js:20:38)\n    at process.processTicksAndRejections (node:internal/process/task_queues:95:5)",
                "diff": "- Email & Password tidak boleh kosong\n+ Cek kembali email anda\n"
              },
              "uuid": "3247707e-00b9-4eb1-a3d2-d567199d54bf",
              "parentUUID": "f2010b6a-9fce-44a8-b559-c46dfd7949e5",
              "isHook": false,
              "skipped": false
            },
            {
              "title": "3.Verify Failed Login with email registered & empty password",
              "fullTitle": "Scenario Login Feature 3.Verify Failed Login with email registered & empty password",
              "timedOut": false,
              "duration": 598,
              "state": "failed",
              "speed": null,
              "pass": false,
              "fail": true,
              "pending": false,
              "context": null,
              "code": "const response = await domain\n  .post(\"/login\")\n  .send({ email: \"admintesting@gmail.com\", password: \"\" })\nexpect(response.body.status).to.equal('FAILED_LOGIN');\nexpect(response.body.message).to.equal('Email atau Password Anda Salah');\nexpect(response.body).to.include.keys(\"data\", \"message\", \"status\");",
              "err": {
                "message": "AssertionError: expected 'Password tidak boleh kosong' to equal 'Email atau Password Anda Salah'",
                "estack": "AssertionError: expected 'Password tidak boleh kosong' to equal 'Email atau Password Anda Salah'\n    at Context.<anonymous> (JagoQA\\Login\\login.js:28:38)\n    at process.processTicksAndRejections (node:internal/process/task_queues:95:5)",
                "diff": "- Password tidak boleh kosong\n+ Email atau Password Anda Salah\n"
              },
              "uuid": "36ec8e64-c423-4049-9560-0bcaf8b91d01",
              "parentUUID": "f2010b6a-9fce-44a8-b559-c46dfd7949e5",
              "isHook": false,
              "skipped": false
            },
            {
              "title": "4.Verify Failed Login with email & password are not registered or invalid",
              "fullTitle": "Scenario Login Feature 4.Verify Failed Login with email & password are not registered or invalid",
              "timedOut": false,
              "duration": 604,
              "state": "failed",
              "speed": null,
              "pass": false,
              "fail": true,
              "pending": false,
              "context": null,
              "code": "const response = await domain\n  .post(\"/login\")\n  .send({ email: \"email\", password: \"\" })\nexpect(response.body.status).to.equal('FAILED_LOGIN');\nexpect(response.body.message).to.equal('Email atau Password Anda Salah');\nexpect(response.body).to.include.keys(\"data\", \"message\", \"status\");",
              "err": {
                "message": "AssertionError: expected 'Password tidak boleh kosong' to equal 'Email atau Password Anda Salah'",
                "estack": "AssertionError: expected 'Password tidak boleh kosong' to equal 'Email atau Password Anda Salah'\n    at Context.<anonymous> (JagoQA\\Login\\login.js:36:38)\n    at process.processTicksAndRejections (node:internal/process/task_queues:95:5)",
                "diff": "- Password tidak boleh kosong\n+ Email atau Password Anda Salah\n"
              },
              "uuid": "36892694-4602-4d20-b8f4-075c8637e970",
              "parentUUID": "f2010b6a-9fce-44a8-b559-c46dfd7949e5",
              "isHook": false,
              "skipped": false
            },
            {
              "title": "5.Verify Login with valid email & password are not registered or invalid",
              "fullTitle": "Scenario Login Feature 5.Verify Login with valid email & password are not registered or invalid",
              "timedOut": false,
              "duration": 621,
              "state": "passed",
              "speed": "slow",
              "pass": true,
              "fail": false,
              "pending": false,
              "context": null,
              "code": "const response = await domain\n  .post(\"/login\")\n  .send({ email: \"admintesting@gmail.com\", password: \"password\" })\nexpect(response.body.status).to.equal('FAILED_LOGIN');\nexpect(response.body.message).to.equal('Email atau Password Anda Salah');\nexpect(response.body).to.include.keys(\"data\", \"message\", \"status\");",
              "err": {},
              "uuid": "31bba6d5-1249-4eb4-96e2-3d697e9d3b92",
              "parentUUID": "f2010b6a-9fce-44a8-b559-c46dfd7949e5",
              "isHook": false,
              "skipped": false
            },
            {
              "title": "6.Login with invalid email & password valid",
              "fullTitle": "Scenario Login Feature 6.Login with invalid email & password valid",
              "timedOut": false,
              "duration": 608,
              "state": "failed",
              "speed": null,
              "pass": false,
              "fail": true,
              "pending": false,
              "context": null,
              "code": "const response = await domain\n  .post(\"/login\")\n  .send({ email: \"admintesting12@gmail.com\", password: \"admintesting12@gmail.com\" })\nexpect(response.body.status).to.equal('FAILED_LOGIN');\nexpect(response.body.message).to.equal('Email atau Password Anda Salah');\nexpect(response.body).to.include.keys(\"data\", \"message\", \"status\");",
              "err": {
                "message": "AssertionError: expected 'Email/Password melebihin maksimal kar…' to equal 'Email atau Password Anda Salah'",
                "estack": "AssertionError: expected 'Email/Password melebihin maksimal kar…' to equal 'Email atau Password Anda Salah'\n    at Context.<anonymous> (JagoQA\\Login\\login.js:52:38)\n    at process.processTicksAndRejections (node:internal/process/task_queues:95:5)",
                "diff": "- Email/Password melebihin maksimal karakter\n+ Email atau Password Anda Salah\n"
              },
              "uuid": "7961b826-c98b-4167-b8a7-68d491de777a",
              "parentUUID": "f2010b6a-9fce-44a8-b559-c46dfd7949e5",
              "isHook": false,
              "skipped": false
            }
          ],
          "suites": [],
          "passes": [
            "6791d267-66c5-47cc-acad-ddc2d25eda5a",
            "31bba6d5-1249-4eb4-96e2-3d697e9d3b92"
          ],
          "failures": [
            "3247707e-00b9-4eb1-a3d2-d567199d54bf",
            "36ec8e64-c423-4049-9560-0bcaf8b91d01",
            "36892694-4602-4d20-b8f4-075c8637e970",
            "7961b826-c98b-4167-b8a7-68d491de777a"
          ],
          "pending": [],
          "skipped": [],
          "duration": 4337,
          "root": false,
          "rootEmpty": false,
          "_timeout": 2000
        },
        {
          "uuid": "dcebe09b-e2a6-432c-aee7-6b004e0aa39b",
          "title": "Scenario Register Feature",
          "fullFile": "C:\\Users\\fadli\\Documents\\JagoQA\\JagoQA\\Register\\Register.js",
          "file": "\\JagoQA\\Register\\Register.js",
          "beforeHooks": [],
          "afterHooks": [],
          "tests": [
            {
              "title": "1.Verify Success Register",
              "fullTitle": "Scenario Register Feature 1.Verify Success Register",
              "timedOut": false,
              "duration": 618,
              "state": "failed",
              "speed": null,
              "pass": false,
              "fail": true,
              "pending": false,
              "context": null,
              "code": "const response = await domain\n  .post(\"/register\")\n  .send({ \"email\": \"fadlitesting@gmail.com\", \"password\": \"qwerty\", \"name\": \"FadliJagoQA\" })\nexpect(response.body.status).to.eql('SUCCESS_REGISTER');\nexpect(response.body.message).to.eql('created user!');\nexpect(response.body).to.include.keys(\"data\", \"message\", \"status\");",
              "err": {
                "message": "AssertionError: expected 'FAILED_REGISTER' to deeply equal 'SUCCESS_REGISTER'",
                "estack": "AssertionError: expected 'FAILED_REGISTER' to deeply equal 'SUCCESS_REGISTER'\n    at Context.<anonymous> (JagoQA\\Register\\Register.js:9:37)\n    at process.processTicksAndRejections (node:internal/process/task_queues:95:5)",
                "diff": "- FAILED_REGISTER\n+ SUCCESS_REGISTER\n"
              },
              "uuid": "a0851baf-03e4-49fa-b7f9-555365b0576a",
              "parentUUID": "dcebe09b-e2a6-432c-aee7-6b004e0aa39b",
              "isHook": false,
              "skipped": false
            },
            {
              "title": "2.Verify Failed Register with empty name",
              "fullTitle": "Scenario Register Feature 2.Verify Failed Register with empty name",
              "timedOut": false,
              "duration": 701,
              "state": "passed",
              "speed": "slow",
              "pass": true,
              "fail": false,
              "pending": false,
              "context": null,
              "code": "const response = await domain\n  .post(\"/register\")\n  .send({ \"email\": \"fadlitesting@gmail.com\", \"password\": \"qwerty\", \"name\": \"\" })\nexpect(response.body.status).to.eql('FAILED_REGISTER');\nexpect(response.body.message).to.eql('Gagal Registrasi');\nexpect(response.body).to.include.keys(\"data\", \"message\", \"status\");",
              "err": {},
              "uuid": "f81d7be8-1a45-44b5-9777-15ab272b8759",
              "parentUUID": "dcebe09b-e2a6-432c-aee7-6b004e0aa39b",
              "isHook": false,
              "skipped": false
            },
            {
              "title": "3.Verify Failed Register with all request body is empty",
              "fullTitle": "Scenario Register Feature 3.Verify Failed Register with all request body is empty",
              "timedOut": true,
              "duration": 2006,
              "state": "failed",
              "speed": null,
              "pass": false,
              "fail": true,
              "pending": false,
              "context": null,
              "code": "const response = await domain\n  .post(\"/register\")\n  .send({ \"email\": \"\", \"password\": \"\", \"name\": \"\" })\nexpect(response.body.status).to.eql('FAILED_REGISTER');\nexpect(response.body.message).to.eql('Gagal Registrasi');\nexpect(response.body).to.include.keys(\"data\", \"message\", \"status\");",
              "err": {
                "message": "Error: Timeout of 2000ms exceeded. For async tests and hooks, ensure \"done()\" is called; if returning a Promise, ensure it resolves. (C:\\Users\\fadli\\Documents\\JagoQA\\JagoQA\\Register\\Register.js)",
                "estack": "Error: Timeout of 2000ms exceeded. For async tests and hooks, ensure \"done()\" is called; if returning a Promise, ensure it resolves. (C:\\Users\\fadli\\Documents\\JagoQA\\JagoQA\\Register\\Register.js)\n    at listOnTimeout (node:internal/timers:569:17)\n    at process.processTimers (node:internal/timers:512:7)",
                "diff": null
              },
              "uuid": "8d4d7e20-55ef-421a-b88a-07e7cfe4aa84",
              "parentUUID": "dcebe09b-e2a6-432c-aee7-6b004e0aa39b",
              "isHook": false,
              "skipped": false
            },
            {
              "title": "4.Verify Failed Register if email using invalid format",
              "fullTitle": "Scenario Register Feature 4.Verify Failed Register if email using invalid format",
              "timedOut": false,
              "duration": 1015,
              "state": "passed",
              "speed": "slow",
              "pass": true,
              "fail": false,
              "pending": false,
              "context": null,
              "code": "const response = await domain\n  .post(\"/register\")\n  .send({ \"email\": \"user@example.c\", \"password\": \"qwerty\", \"name\": \"FadliJagoQA1\" })\nexpect(response.body.status).to.eql('FAILED_REGISTER');\nexpect(response.body.message).to.eql('Cek kembali email anda');\nexpect(response.body).to.include.keys(\"data\", \"message\", \"status\");",
              "err": {},
              "uuid": "b66e5c49-8829-4674-970e-417709a6c51c",
              "parentUUID": "dcebe09b-e2a6-432c-aee7-6b004e0aa39b",
              "isHook": false,
              "skipped": false
            },
            {
              "title": "5.Verify Failed Register if name contains number",
              "fullTitle": "Scenario Register Feature 5.Verify Failed Register if name contains number",
              "timedOut": false,
              "duration": 660,
              "state": "failed",
              "speed": null,
              "pass": false,
              "fail": true,
              "pending": false,
              "context": null,
              "code": "const response = await domain\n  .post(\"/register\")\n  .send({ \"email\": \"fadliamintesting12@gmail.com\", \"password\": \"qwerty\", \"name\": \"FadliJagoQA1\" })\nexpect(response.body.status).to.eql('FAILED_REGISTER');\nexpect(response.body.message).to.eql('Tidak boleh mengandung symbol');\nexpect(response.body).to.include.keys(\"data\", \"message\", \"status\");",
              "err": {
                "message": "AssertionError: expected 'Gagal Registrasi' to deeply equal 'Tidak boleh mengandung symbol'",
                "estack": "AssertionError: expected 'Gagal Registrasi' to deeply equal 'Tidak boleh mengandung symbol'\n    at Context.<anonymous> (JagoQA\\Register\\Register.js:42:38)\n    at process.processTicksAndRejections (node:internal/process/task_queues:95:5)",
                "diff": "- Gagal Registrasi\n+ Tidak boleh mengandung symbol\n"
              },
              "uuid": "7a051ae2-5b87-4896-bd16-543146f057fb",
              "parentUUID": "dcebe09b-e2a6-432c-aee7-6b004e0aa39b",
              "isHook": false,
              "skipped": false
            }
          ],
          "suites": [],
          "passes": [
            "f81d7be8-1a45-44b5-9777-15ab272b8759",
            "b66e5c49-8829-4674-970e-417709a6c51c"
          ],
          "failures": [
            "a0851baf-03e4-49fa-b7f9-555365b0576a",
            "8d4d7e20-55ef-421a-b88a-07e7cfe4aa84",
            "7a051ae2-5b87-4896-bd16-543146f057fb"
          ],
          "pending": [],
          "skipped": [],
          "duration": 5000,
          "root": false,
          "rootEmpty": false,
          "_timeout": 2000
        }
      ],
      "passes": [],
      "failures": [],
      "pending": [],
      "skipped": [],
      "duration": 0,
      "root": true,
      "rootEmpty": true,
      "_timeout": 2000
    }
  ],
  "meta": {
    "mocha": {
      "version": "10.2.0"
    },
    "mochawesome": {
      "options": {
        "quiet": false,
        "reportFilename": "mochawesome",
        "saveHtml": true,
        "saveJson": true,
        "consoleReporter": "spec",
        "useInlineDiffs": false,
        "code": true
      },
      "version": "7.1.3"
    },
    "marge": {
      "options": null,
      "version": "6.2.0"
    }
  }
}